build/app/intermediates/manifest_merge_blame_file/debug/manifest-merger-blame-debug-report.txt
1<?xml version="1.0" encoding="utf-8"?>
2<manifest xmlns:android="http://schemas.android.com/apk/res/android"
3    package="com.dexterous.flutter_local_notifications_example"
4    android:versionCode="1"
5    android:versionName="1.0" >
6
7    <uses-sdk
8        android:minSdkVersion="16"
9        android:targetSdkVersion="33" />
10    <!--
11         Flutter needs it to communicate with the running application
12         to allow setting breakpoints, to provide hot reload, etc.
13    -->
14    <uses-permission android:name="android.permission.INTERNET" />
14-->src/debug/AndroidManifest.xml:6:5-66
14-->src/debug/AndroidManifest.xml:6:22-64
15    <uses-permission android:name="android.permission.FOREGROUND_SERVICE" />
15-->src/main/AndroidManifest.xml:42:5-77
15-->src/main/AndroidManifest.xml:42:22-74
16    <uses-permission android:name="android.permission.RECEIVE_BOOT_COMPLETED" />
16-->[:flutter_local_notifications] AndroidManifest.xml:9:5-81
16-->[:flutter_local_notifications] AndroidManifest.xml:9:22-78
17    <uses-permission android:name="android.permission.VIBRATE" />
17-->[:flutter_local_notifications] AndroidManifest.xml:10:5-66
17-->[:flutter_local_notifications] AndroidManifest.xml:10:22-63
18    <uses-permission android:name="android.permission.USE_FULL_SCREEN_INTENT" />
18-->[:flutter_local_notifications] AndroidManifest.xml:11:5-81
18-->[:flutter_local_notifications] AndroidManifest.xml:11:22-78
19    <uses-permission android:name="android.permission.SCHEDULE_EXACT_ALARM" />
19-->[:flutter_local_notifications] AndroidManifest.xml:12:5-79
19-->[:flutter_local_notifications] AndroidManifest.xml:12:22-76
20    <uses-permission android:name="android.permission.POST_NOTIFICATIONS" />
20-->[:flutter_local_notifications] AndroidManifest.xml:13:5-77
20-->[:flutter_local_notifications] AndroidManifest.xml:13:22-74
21    <uses-permission android:name="android.permission.WAKE_LOCK" />
21-->[:flutter_background_service_android] AndroidManifest.xml:11:5-68
21-->[:flutter_background_service_android] AndroidManifest.xml:11:22-65
22
23    <application
23-->src/main/AndroidManifest.xml:3:4-41:19
24        android:name="androidx.multidex.MultiDexApplication"
25        android:appComponentFactory="androidx.core.app.CoreComponentFactory"
25-->[androidx.core:core:1.6.0] AndroidManifest.xml:24:18-86
26        android:debuggable="true"
27        android:icon="@mipmap/ic_launcher"
27-->src/main/AndroidManifest.xml:5:9-43
28        android:label="flutter_local_notifications_example" >
28-->src/main/AndroidManifest.xml:4:9-60
29        <activity
29-->src/main/AndroidManifest.xml:6:9-28:20
30            android:name="com.dexterous.flutter_local_notifications_example.MainActivity"
30-->src/main/AndroidManifest.xml:7:13-41
31            android:configChanges="orientation|keyboardHidden|keyboard|screenSize|smallestScreenSize|locale|layoutDirection|fontScale|screenLayout|density|uiMode"
31-->src/main/AndroidManifest.xml:10:13-163
32            android:exported="true"
32-->src/main/AndroidManifest.xml:15:13-36
33            android:hardwareAccelerated="true"
33-->src/main/AndroidManifest.xml:11:13-47
34            android:launchMode="singleTop"
34-->src/main/AndroidManifest.xml:8:13-43
35            android:showWhenLocked="true"
35-->src/main/AndroidManifest.xml:13:13-42
36            android:theme="@style/LaunchTheme"
36-->src/main/AndroidManifest.xml:9:13-47
37            android:turnScreenOn="true"
37-->src/main/AndroidManifest.xml:14:13-40
38            android:windowSoftInputMode="adjustResize" >
38-->src/main/AndroidManifest.xml:12:13-55
39
40            <!--
41                 Specifies an Android theme to apply to this Activity as soon as
42                 the Android process has started. This theme is visible to the user
43                 while the Flutter UI initializes. After that, this theme continues
44                 to determine the Window background behind the Flutter UI.
45            -->
46            <meta-data
46-->src/main/AndroidManifest.xml:20:13-23:17
47                android:name="io.flutter.embedding.android.NormalTheme"
47-->src/main/AndroidManifest.xml:21:15-70
48                android:resource="@style/NormalTheme" />
48-->src/main/AndroidManifest.xml:22:15-52
49
50            <intent-filter>
50-->src/main/AndroidManifest.xml:24:13-27:29
51                <action android:name="android.intent.action.MAIN" />
51-->src/main/AndroidManifest.xml:25:17-68
51-->src/main/AndroidManifest.xml:25:25-66
52
53                <category android:name="android.intent.category.LAUNCHER" />
53-->src/main/AndroidManifest.xml:26:17-76
53-->src/main/AndroidManifest.xml:26:27-74
54            </intent-filter>
55        </activity>
56        <!--
57             Don't delete the meta-data below.
58             This is used by the Flutter tool to generate GeneratedPluginRegistrant.java
59        -->
60        <meta-data
60-->src/main/AndroidManifest.xml:31:9-33:33
61            android:name="flutterEmbedding"
61-->src/main/AndroidManifest.xml:32:13-44
62            android:value="2" />
62-->src/main/AndroidManifest.xml:33:13-30
63        <!--
64             If you want your foreground service to be stopped if
65             your app is stopped, set android:stopWithTask to true.
66             See https://developer.android.com/reference/android/R.attr#stopWithTask
67        -->
68        <service
68-->src/main/AndroidManifest.xml:37:9-40:43
69            android:name="com.dexterous.flutterlocalnotifications.ForegroundService"
69-->src/main/AndroidManifest.xml:38:13-85
70            android:exported="false"
70-->src/main/AndroidManifest.xml:39:13-37
71            android:stopWithTask="false" />
71-->src/main/AndroidManifest.xml:40:13-41
72
73        <receiver
73-->[:flutter_local_notifications] AndroidManifest.xml:16:9-18:40
74            android:name="com.dexterous.flutterlocalnotifications.ActionBroadcastReceiver"
74-->[:flutter_local_notifications] AndroidManifest.xml:17:13-91
75            android:exported="false" />
75-->[:flutter_local_notifications] AndroidManifest.xml:18:13-37
76        <receiver
76-->[:flutter_local_notifications] AndroidManifest.xml:19:9-21:40
77            android:name="com.dexterous.flutterlocalnotifications.ScheduledNotificationReceiver"
77-->[:flutter_local_notifications] AndroidManifest.xml:20:13-97
78            android:exported="false" />
78-->[:flutter_local_notifications] AndroidManifest.xml:21:13-37
79        <receiver
79-->[:flutter_local_notifications] AndroidManifest.xml:22:9-31:20
80            android:name="com.dexterous.flutterlocalnotifications.ScheduledNotificationBootReceiver"
80-->[:flutter_local_notifications] AndroidManifest.xml:23:13-101
81            android:exported="false" >
81-->[:flutter_local_notifications] AndroidManifest.xml:24:13-37
82            <intent-filter>
82-->[:flutter_local_notifications] AndroidManifest.xml:25:13-30:29
83                <action android:name="android.intent.action.BOOT_COMPLETED" />
83-->[:flutter_local_notifications] AndroidManifest.xml:26:17-79
83-->[:flutter_local_notifications] AndroidManifest.xml:26:25-76
84                <action android:name="android.intent.action.MY_PACKAGE_REPLACED" />
84-->[:flutter_local_notifications] AndroidManifest.xml:27:17-84
84-->[:flutter_local_notifications] AndroidManifest.xml:27:25-81
85                <action android:name="android.intent.action.QUICKBOOT_POWERON" />
85-->[:flutter_local_notifications] AndroidManifest.xml:28:17-82
85-->[:flutter_local_notifications] AndroidManifest.xml:28:25-79
86                <action android:name="com.htc.intent.action.QUICKBOOT_POWERON" />
86-->[:flutter_local_notifications] AndroidManifest.xml:29:17-82
86-->[:flutter_local_notifications] AndroidManifest.xml:29:25-79
87            </intent-filter>
88        </receiver>
89
90        <service
90-->[:flutter_background_service_android] AndroidManifest.xml:14:9-18:44
91            android:name="id.flutter.flutter_background_service.BackgroundService"
91-->[:flutter_background_service_android] AndroidManifest.xml:15:13-83
92            android:enabled="true"
92-->[:flutter_background_service_android] AndroidManifest.xml:16:13-35
93            android:exported="true"
93-->[:flutter_background_service_android] AndroidManifest.xml:17:13-36
94            android:stopWithTask="false" />
94-->[:flutter_background_service_android] AndroidManifest.xml:18:13-41
95
96        <receiver
96-->[:flutter_background_service_android] AndroidManifest.xml:20:9-23:39
97            android:name="id.flutter.flutter_background_service.WatchdogReceiver"
97-->[:flutter_background_service_android] AndroidManifest.xml:21:13-82
98            android:enabled="true"
98-->[:flutter_background_service_android] AndroidManifest.xml:22:13-35
99            android:exported="true" />
99-->[:flutter_background_service_android] AndroidManifest.xml:23:13-36
100        <receiver
100-->[:flutter_background_service_android] AndroidManifest.xml:24:9-32:20
101            android:name="id.flutter.flutter_background_service.BootReceiver"
101-->[:flutter_background_service_android] AndroidManifest.xml:25:13-78
102            android:enabled="true"
102-->[:flutter_background_service_android] AndroidManifest.xml:26:13-35
103            android:exported="true" >
103-->[:flutter_background_service_android] AndroidManifest.xml:27:13-36
104            <intent-filter>
104-->[:flutter_background_service_android] AndroidManifest.xml:28:13-31:29
105                <action android:name="android.intent.action.BOOT_COMPLETED" />
105-->[:flutter_local_notifications] AndroidManifest.xml:26:17-79
105-->[:flutter_local_notifications] AndroidManifest.xml:26:25-76
106                <action android:name="android.intent.action.QUICKBOOT_POWERON" />
106-->[:flutter_local_notifications] AndroidManifest.xml:28:17-82
106-->[:flutter_local_notifications] AndroidManifest.xml:28:25-79
107            </intent-filter>
108        </receiver>
109
110        <uses-library
110-->[androidx.window:window:1.0.0] AndroidManifest.xml:25:9-27:40
111            android:name="androidx.window.extensions"
111-->[androidx.window:window:1.0.0] AndroidManifest.xml:26:13-54
112            android:required="false" />
112-->[androidx.window:window:1.0.0] AndroidManifest.xml:27:13-37
113        <uses-library
113-->[androidx.window:window:1.0.0] AndroidManifest.xml:28:9-30:40
114            android:name="androidx.window.sidecar"
114-->[androidx.window:window:1.0.0] AndroidManifest.xml:29:13-51
115            android:required="false" />
115-->[androidx.window:window:1.0.0] AndroidManifest.xml:30:13-37
116    </application>
117
118</manifest>